<?xml version="1.0" encoding="UTF-8"?>
<testsuite name="com.leetcode.daily.pascals_triagle.SolutionTest" tests="1" skipped="0" failures="0" errors="0" timestamp="2023-09-08T03:42:23" hostname="Kihyuns-MBP" time="0.007">
  <properties/>
  <testcase name="basicTestCase_1()" classname="com.leetcode.daily.pascals_triagle.SolutionTest" time="0.007"/>
  <system-out><![CDATA[]]></system-out>
  <system-err><![CDATA[]]></system-err>
</testsuite>
